<?xml version="1.0" encoding="UTF-8"?>
<!-- Generated by org.testng.reporters.JUnitXMLReporter -->
<testsuite hostname="SeanWang" name="Test" tests="1" failures="1" timestamp="5 Apr 2018 07:19:25 GMT" time="0.046" errors="0">
  <testcase name="testListingDeals" time="0.035" classname="com.zuora.interview.congjun.testcases.DealsTestCases">
    <failure type="java.lang.NullPointerException">
      <![CDATA[java.lang.NullPointerException
	at com.zuora.interview.congjun.testcases.DealsTestCases.testListingDeals(DealsTestCases.java:40)
... Removed 24 stack frames]]>
    </failure>
  </testcase> <!-- testListingDeals -->
</testsuite> <!-- Test -->
